{"/Users/mousserlane/Codes/playground/gits-test/balancedBrackets.js": {"path":"/Users/mousserlane/Codes/playground/gits-test/balancedBrackets.js","statementMap":{"0":{"start":{"line":2,"column":0},"end":{"line":2,"column":62}},"1":{"start":{"line":3,"column":0},"end":{"line":3,"column":46}},"2":{"start":{"line":5,"column":21},"end":{"line":9,"column":5}},"3":{"start":{"line":10,"column":16},"end":{"line":10,"column":18}},"4":{"start":{"line":11,"column":4},"end":{"line":22,"column":5}},"5":{"start":{"line":11,"column":18},"end":{"line":11,"column":19}},"6":{"start":{"line":11,"column":36},"end":{"line":11,"column":46}},"7":{"start":{"line":12,"column":22},"end":{"line":12,"column":38}},"8":{"start":{"line":13,"column":8},"end":{"line":21,"column":9}},"9":{"start":{"line":14,"column":12},"end":{"line":14,"column":32}},"10":{"start":{"line":17,"column":12},"end":{"line":19,"column":13}},"11":{"start":{"line":18,"column":16},"end":{"line":18,"column":28}},"12":{"start":{"line":20,"column":12},"end":{"line":20,"column":24}},"13":{"start":{"line":23,"column":4},"end":{"line":23,"column":45}}},"fnMap":{"0":{"name":"isBracketBalanced","decl":{"start":{"line":4,"column":9},"end":{"line":4,"column":26}},"loc":{"start":{"line":4,"column":39},"end":{"line":24,"column":1}},"line":4}},"branchMap":{"0":{"loc":{"start":{"line":13,"column":8},"end":{"line":21,"column":9}},"type":"if","locations":[{"start":{"line":13,"column":8},"end":{"line":21,"column":9}},{"start":{"line":16,"column":13},"end":{"line":21,"column":9}}],"line":13},"1":{"loc":{"start":{"line":17,"column":12},"end":{"line":19,"column":13}},"type":"if","locations":[{"start":{"line":17,"column":12},"end":{"line":19,"column":13}},{"start":{},"end":{}}],"line":17},"2":{"loc":{"start":{"line":23,"column":11},"end":{"line":23,"column":44}},"type":"cond-expr","locations":[{"start":{"line":23,"column":32},"end":{"line":23,"column":37}},{"start":{"line":23,"column":40},"end":{"line":23,"column":44}}],"line":23}},"s":{"0":1,"1":1,"2":3,"3":3,"4":3,"5":3,"6":3,"7":22,"8":22,"9":12,"10":10,"11":1,"12":9,"13":2},"f":{"0":3},"b":{"0":[12,10],"1":[1,9],"2":[2,0]},"_coverageSchema":"1a1c01bbd47fc00a2c39e90264f33305004495a9","hash":"64d490e528868f9bdcd2c8e2dd33bc75b9ca2acd"}
,"/Users/mousserlane/Codes/playground/gits-test/weightedString.js": {"path":"/Users/mousserlane/Codes/playground/gits-test/weightedString.js","statementMap":{"0":{"start":{"line":2,"column":0},"end":{"line":2,"column":62}},"1":{"start":{"line":3,"column":0},"end":{"line":3,"column":40}},"2":{"start":{"line":5,"column":19},"end":{"line":5,"column":47}},"3":{"start":{"line":6,"column":27},"end":{"line":6,"column":36}},"4":{"start":{"line":7,"column":4},"end":{"line":9,"column":7}},"5":{"start":{"line":8,"column":8},"end":{"line":8,"column":51}},"6":{"start":{"line":10,"column":15},"end":{"line":10,"column":17}},"7":{"start":{"line":11,"column":19},"end":{"line":11,"column":21}},"8":{"start":{"line":12,"column":17},"end":{"line":12,"column":18}},"9":{"start":{"line":13,"column":4},"end":{"line":24,"column":5}},"10":{"start":{"line":13,"column":18},"end":{"line":13,"column":19}},"11":{"start":{"line":13,"column":37},"end":{"line":13,"column":48}},"12":{"start":{"line":14,"column":19},"end":{"line":14,"column":36}},"13":{"start":{"line":15,"column":8},"end":{"line":23,"column":9}},"14":{"start":{"line":16,"column":12},"end":{"line":16,"column":21}},"15":{"start":{"line":17,"column":12},"end":{"line":17,"column":59}},"16":{"start":{"line":20,"column":12},"end":{"line":20,"column":29}},"17":{"start":{"line":21,"column":12},"end":{"line":21,"column":23}},"18":{"start":{"line":22,"column":12},"end":{"line":22,"column":50}},"19":{"start":{"line":25,"column":4},"end":{"line":25,"column":89}},"20":{"start":{"line":25,"column":42},"end":{"line":25,"column":85}},"21":{"start":{"line":27,"column":18},"end":{"line":27,"column":27}},"22":{"start":{"line":28,"column":14},"end":{"line":28,"column":26}},"23":{"start":{"line":29,"column":0},"end":{"line":29,"column":34}},"24":{"start":{"line":30,"column":0},"end":{"line":30,"column":32}},"25":{"start":{"line":31,"column":0},"end":{"line":31,"column":50}}},"fnMap":{"0":{"name":"weightedString","decl":{"start":{"line":4,"column":9},"end":{"line":4,"column":23}},"loc":{"start":{"line":4,"column":46},"end":{"line":26,"column":1}},"line":4},"1":{"name":"(anonymous_1)","decl":{"start":{"line":7,"column":31},"end":{"line":7,"column":32}},"loc":{"start":{"line":7,"column":59},"end":{"line":9,"column":5}},"line":7},"2":{"name":"(anonymous_2)","decl":{"start":{"line":25,"column":23},"end":{"line":25,"column":24}},"loc":{"start":{"line":25,"column":40},"end":{"line":25,"column":87}},"line":25}},"branchMap":{"0":{"loc":{"start":{"line":15,"column":8},"end":{"line":23,"column":9}},"type":"if","locations":[{"start":{"line":15,"column":8},"end":{"line":23,"column":9}},{"start":{"line":19,"column":13},"end":{"line":23,"column":9}}],"line":15},"1":{"loc":{"start":{"line":25,"column":49},"end":{"line":25,"column":84}},"type":"cond-expr","locations":[{"start":{"line":25,"column":72},"end":{"line":25,"column":77}},{"start":{"line":25,"column":80},"end":{"line":25,"column":84}}],"line":25}},"s":{"0":1,"1":1,"2":3,"3":3,"4":3,"5":78,"6":3,"7":3,"8":3,"9":3,"10":3,"11":3,"12":19,"13":19,"14":9,"15":9,"16":10,"17":10,"18":10,"19":3,"20":11,"21":1,"22":1,"23":1,"24":1,"25":1},"f":{"0":3,"1":78,"2":11},"b":{"0":[9,10],"1":[8,3]},"_coverageSchema":"1a1c01bbd47fc00a2c39e90264f33305004495a9","hash":"49e6f15054071fb1cf965f3aaffa3da86f7fdc26"}
}
