TN:
SF:balancedBrackets.js
FN:4,isBracketBalanced
FNF:1
FNH:1
FNDA:3,isBracketBalanced
DA:2,1
DA:3,1
DA:5,3
DA:10,3
DA:11,3
DA:12,22
DA:13,22
DA:14,12
DA:17,10
DA:18,1
DA:20,9
DA:23,2
LF:12
LH:12
BRDA:13,0,0,12
BRDA:13,0,1,10
BRDA:17,1,0,1
BRDA:17,1,1,9
BRDA:23,2,0,2
BRDA:23,2,1,0
BRF:6
BRH:5
end_of_record
TN:
SF:weightedString.js
FN:4,weightedString
FN:7,(anonymous_1)
FN:25,(anonymous_2)
FNF:3
FNH:3
FNDA:3,weightedString
FNDA:78,(anonymous_1)
FNDA:11,(anonymous_2)
DA:2,1
DA:3,1
DA:5,3
DA:6,3
DA:7,3
DA:8,78
DA:10,3
DA:11,3
DA:12,3
DA:13,3
DA:14,19
DA:15,19
DA:16,9
DA:17,9
DA:20,10
DA:21,10
DA:22,10
DA:25,11
DA:27,1
DA:28,1
DA:29,1
DA:30,1
DA:31,1
LF:23
LH:23
BRDA:15,0,0,9
BRDA:15,0,1,10
BRDA:25,1,0,8
BRDA:25,1,1,3
BRF:4
BRH:4
end_of_record
